<?xml version="1.0" encoding="UTF-8"?>
<!-- Generated by org.testng.reporters.JUnitReportReporter -->
<testsuite hostname="mayvelmarvy" failures="0" tests="1" name="Bill.BillPayTests" time="1.923" errors="0" timestamp="2022-02-13T00:02:21 EET" skipped="0">
  <testcase classname="Bill.BillPayTests" name="TestBillPass" time="1.923"/>
  <system-out/>
</testsuite> <!-- Bill.BillPayTests -->
