<?xml version="1.0" encoding="UTF-8"?>
<!-- Generated by org.testng.reporters.JUnitReportReporter -->
<testsuite hostname="mayvelmarvy" failures="0" tests="1" name="Bill.BillPassTests" time="1.758" errors="0" timestamp="2022-02-16T21:53:17 EET" skipped="0">
  <testcase classname="Bill.BillPassTests" name="TestBillPass" time="1.758"/>
  <system-out/>
</testsuite> <!-- Bill.BillPassTests -->
