<?xml version="1.0" encoding="UTF-8"?>
<!-- Generated by org.testng.reporters.JUnitReportReporter -->
<testsuite hostname="mayvelmarvy" failures="0" tests="1" name="Project.ParaBank.ContactTests" time="1.072" errors="0" timestamp="2022-02-12T20:06:16 EET" skipped="0">
  <testcase classname="Project.ParaBank.ContactTests" name="contactTest" time="1.072"/>
  <system-out/>
</testsuite> <!-- Project.ParaBank.ContactTests -->
