<?xml version="1.0" encoding="UTF-8"?>
<!-- Generated by org.testng.reporters.JUnitReportReporter -->
<testsuite hostname="mayvelmarvy" failures="0" tests="1" name="transferfund.TransferFundTests" time="1.076" errors="0" timestamp="2022-02-16T21:53:17 EET" skipped="0">
  <testcase classname="transferfund.TransferFundTests" name="TransferfundSuccessfully" time="1.076"/>
  <system-out/>
</testsuite> <!-- transferfund.TransferFundTests -->
