<?xml version="1.0" encoding="UTF-8"?>
<!-- Generated by org.testng.reporters.JUnitReportReporter -->
<testsuite hostname="mayvelmarvy" failures="0" tests="1" name="Customer_Care.ContactFailEmilTests" time="1.370" errors="0" timestamp="2022-02-16T21:53:17 EET" skipped="0">
  <testcase classname="Customer_Care.ContactFailEmilTests" name="contactFailEmail" time="1.370"/>
  <system-out/>
</testsuite> <!-- Customer_Care.ContactFailEmilTests -->
