<?xml version="1.0" encoding="UTF-8"?>
<!-- Generated by org.testng.reporters.JUnitReportReporter -->
<testsuite hostname="mayvelmarvy" failures="0" tests="1" name="loan.LoanTests" time="1.287" errors="0" timestamp="2022-02-16T21:53:16 EET" skipped="0">
  <testcase classname="loan.LoanTests" name="RequestLoanSuccessfully" time="1.287"/>
  <system-out/>
</testsuite> <!-- loan.LoanTests -->
