<?xml version="1.0" encoding="UTF-8"?>
<!-- Generated by org.testng.reporters.JUnitReportReporter -->
<testsuite hostname="mayvelmarvy" failures="0" tests="1" name="Update_Account.UPdateAccountTests" time="1.414" errors="0" timestamp="2022-02-16T21:53:17 EET" skipped="0">
  <testcase classname="Update_Account.UPdateAccountTests" name="updateAccountFNameTest" time="1.414"/>
  <system-out/>
</testsuite> <!-- Update_Account.UPdateAccountTests -->
