<?xml version="1.0" encoding="UTF-8"?>
<!-- Generated by org.testng.reporters.JUnitReportReporter -->
<testsuite hostname="mayvelmarvy" failures="0" tests="1" name="login.FailedLogin" time="0.838" errors="0" timestamp="2022-02-16T21:53:17 EET" skipped="0">
  <testcase classname="login.FailedLogin" name="testFailedLogin" time="0.838"/>
  <system-out/>
</testsuite> <!-- login.FailedLogin -->
