<?xml version="1.0" encoding="UTF-8"?>
<!-- Generated by org.testng.reporters.JUnitReportReporter -->
<testsuite hostname="mayvelmarvy" failures="0" tests="1" name="Logout.LogoutTests" time="0.801" errors="0" timestamp="2022-02-16T21:53:17 EET" skipped="0">
  <testcase classname="Logout.LogoutTests" name="logoutCheck" time="0.801"/>
  <system-out/>
</testsuite> <!-- Logout.LogoutTests -->
