<?xml version="1.0" encoding="UTF-8"?>
<!-- Generated by org.testng.reporters.JUnitReportReporter -->
<testsuite hostname="mayvelmarvy" failures="0" tests="1" name="New_Account.OpenNewAccountTests" time="0.804" errors="0" timestamp="2022-02-16T21:53:17 EET" skipped="0">
  <testcase classname="New_Account.OpenNewAccountTests" name="openNewAccountTest" time="0.804"/>
  <system-out/>
</testsuite> <!-- New_Account.OpenNewAccountTests -->
