<?xml version="1.0" encoding="UTF-8"?>
<!-- Generated by org.testng.reporters.JUnitReportReporter -->
<testsuite hostname="mayvelmarvy" failures="0" tests="1" name="Bill.BillFailVerifyTests" time="1.704" errors="0" timestamp="2022-02-16T21:53:17 EET" skipped="0">
  <testcase classname="Bill.BillFailVerifyTests" name="TestBillFailVerify" time="1.704"/>
  <system-out/>
</testsuite> <!-- Bill.BillFailVerifyTests -->
