<?xml version="1.0" encoding="UTF-8"?>
<!-- Generated by org.testng.reporters.JUnitReportReporter -->
<testsuite hostname="mayvelmarvy" failures="0" tests="1" name="Customer_Care.ContactTests" time="1.359" errors="0" timestamp="2022-02-12T23:33:48 EET" skipped="0">
  <testcase classname="Customer_Care.ContactTests" name="contactTest" time="1.359"/>
  <system-out/>
</testsuite> <!-- Customer_Care.ContactTests -->
