<?xml version="1.0" encoding="UTF-8"?>
<!-- Generated by org.testng.reporters.JUnitReportReporter -->
<testsuite hostname="mayvelmarvy" failures="0" tests="1" name="Bill.BillFailNameTests" time="1.779" errors="0" timestamp="2022-02-16T21:53:17 EET" skipped="0">
  <testcase classname="Bill.BillFailNameTests" name="TestBillFailName" time="1.779"/>
  <system-out/>
</testsuite> <!-- Bill.BillFailNameTests -->
