<?xml version="1.0" encoding="UTF-8"?>
<!-- Generated by org.testng.reporters.JUnitReportReporter -->
<testsuite hostname="mayvelmarvy" failures="0" tests="1" name="Customer_Care.ContactFailTests" time="0.877" errors="0" timestamp="2022-02-14T18:48:32 EET" skipped="0">
  <testcase classname="Customer_Care.ContactFailTests" name="contactFailEmail" time="0.877"/>
  <system-out/>
</testsuite> <!-- Customer_Care.ContactFailTests -->
